[I 05:09:45.701 NotebookApp] Serving notebooks from local directory: /home/nuvhandra
[I 05:09:45.701 NotebookApp] Jupyter Notebook 6.1.4 is running at:
[I 05:09:45.701 NotebookApp] http://localhost:8888/?token=82dff6639c71941eb16ed2b8e6c8cba29f183444c86a32a7
[I 05:09:45.701 NotebookApp]  or http://127.0.0.1:8888/?token=82dff6639c71941eb16ed2b8e6c8cba29f183444c86a32a7
[I 05:09:45.701 NotebookApp] Use Control-C to stop this server and shut down all kernels (twice to skip confirmation).
[C 05:09:45.757 NotebookApp] 
    
    To access the notebook, open this file in a browser:
        file:///home/nuvhandra/.local/share/jupyter/runtime/nbserver-3675-open.html
    Or copy and paste one of these URLs:
        http://localhost:8888/?token=82dff6639c71941eb16ed2b8e6c8cba29f183444c86a32a7
     or http://127.0.0.1:8888/?token=82dff6639c71941eb16ed2b8e6c8cba29f183444c86a32a7
[I 05:10:37.887 NotebookApp] Creating new notebook in /Documents/dev/python/wireless-control_server
[I 05:10:41.214 NotebookApp] Kernel started: 654dec03-5aeb-4d71-a66f-fac88d497f13, name: python3
[W 05:10:41.297 NotebookApp] 404 GET /nbextensions/widgets/notebook/js/extension.js?v=20210228050943 (::1) 74.74ms referer=http://localhost:8888/notebooks/Documents/dev/python/wireless-control_server/Untitled.ipynb?kernel_name=python3
[I 05:12:41.075 NotebookApp] Saving file at /Documents/dev/python/wireless-control_server/Untitled.ipynb
[I 05:14:41.067 NotebookApp] Saving file at /Documents/dev/python/wireless-control_server/Untitled.ipynb
[I 20:16:43.370 NotebookApp] Saving file at /Documents/dev/python/wireless-control_server/Untitled.ipynb
[I 20:20:43.448 NotebookApp] Saving file at /Documents/dev/python/wireless-control_server/Untitled.ipynb
[I 20:22:43.368 NotebookApp] Saving file at /Documents/dev/python/wireless-control_server/Untitled.ipynb
[I 20:24:43.369 NotebookApp] Saving file at /Documents/dev/python/wireless-control_server/Untitled.ipynb
[I 20:26:43.371 NotebookApp] Saving file at /Documents/dev/python/wireless-control_server/Untitled.ipynb
[I 20:28:43.414 NotebookApp] Saving file at /Documents/dev/python/wireless-control_server/Untitled.ipynb
[I 20:30:43.373 NotebookApp] Saving file at /Documents/dev/python/wireless-control_server/Untitled.ipynb
[I 20:32:43.378 NotebookApp] Saving file at /Documents/dev/python/wireless-control_server/Untitled.ipynb
[I 20:34:43.369 NotebookApp] Saving file at /Documents/dev/python/wireless-control_server/Untitled.ipynb
[I 20:35:37.453 NotebookApp] Saving file at /Documents/dev/python/wireless-control_server/Untitled.ipynb
[I 20:36:43.371 NotebookApp] Saving file at /Documents/dev/python/wireless-control_server/Untitled.ipynb
[I 20:38:43.372 NotebookApp] Saving file at /Documents/dev/python/wireless-control_server/Untitled.ipynb
[I 20:40:43.374 NotebookApp] Saving file at /Documents/dev/python/wireless-control_server/Untitled.ipynb
[I 20:41:15.428 NotebookApp] Saving file at /Documents/dev/python/wireless-control_server/Untitled.ipynb
[I 20:41:41.036 NotebookApp] Saving file at /Documents/dev/python/wireless-control_server/Untitled.ipynb
[I 20:42:43.371 NotebookApp] Saving file at /Documents/dev/python/wireless-control_server/Untitled.ipynb
[I 20:44:43.370 NotebookApp] Saving file at /Documents/dev/python/wireless-control_server/Untitled.ipynb
[I 22:04:44.222 NotebookApp] Saving file at /Documents/dev/python/wireless-control_server/Untitled.ipynb
[I 22:06:44.207 NotebookApp] Saving file at /Documents/dev/python/wireless-control_server/Untitled.ipynb
[I 22:08:44.215 NotebookApp] Saving file at /Documents/dev/python/wireless-control_server/Untitled.ipynb
[I 22:10:44.218 NotebookApp] Saving file at /Documents/dev/python/wireless-control_server/Untitled.ipynb
[I 22:12:44.203 NotebookApp] Saving file at /Documents/dev/python/wireless-control_server/Untitled.ipynb
[I 22:14:44.209 NotebookApp] Saving file at /Documents/dev/python/wireless-control_server/Untitled.ipynb
[I 22:16:44.210 NotebookApp] Saving file at /Documents/dev/python/wireless-control_server/Untitled.ipynb
[I 22:18:44.207 NotebookApp] Saving file at /Documents/dev/python/wireless-control_server/Untitled.ipynb
[I 22:20:44.216 NotebookApp] Saving file at /Documents/dev/python/wireless-control_server/Untitled.ipynb
[I 22:24:44.225 NotebookApp] Saving file at /Documents/dev/python/wireless-control_server/Untitled.ipynb
[I 22:26:44.228 NotebookApp] Saving file at /Documents/dev/python/wireless-control_server/Untitled.ipynb
[I 06:44:52.095 NotebookApp] Saving file at /Documents/dev/python/wireless-control_server/Untitled.ipynb
[I 06:46:52.096 NotebookApp] Saving file at /Documents/dev/python/wireless-control_server/Untitled.ipynb
[I 06:48:52.098 NotebookApp] Saving file at /Documents/dev/python/wireless-control_server/Untitled.ipynb
[I 06:54:52.826 NotebookApp] Saving file at /Documents/dev/python/wireless-control_server/Untitled.ipynb
[I 07:00:52.834 NotebookApp] Saving file at /Documents/dev/python/wireless-control_server/Untitled.ipynb
[I 07:02:52.833 NotebookApp] Saving file at /Documents/dev/python/wireless-control_server/Untitled.ipynb
[I 14:10:02.518 NotebookApp] Starting buffering for 654dec03-5aeb-4d71-a66f-fac88d497f13:0c0fe0b0f4934dc09a4931e5c8396bd4
[I 14:10:16.230 NotebookApp] Kernel shutdown: 654dec03-5aeb-4d71-a66f-fac88d497f13
[W 14:10:17.264 NotebookApp] delete /Documents/dev/python/wireless-control_server/Untitled.ipynb
[C 15:01:49.606 NotebookApp] received signal 15, stopping
[I 15:02:05.691 NotebookApp] Shutting down 0 kernels
[I 15:02:06.707 NotebookApp] Shutting down 0 terminals
